Command line invocation:
    /Applications/Xcode.app/Contents/Developer/usr/bin/xcodebuild -scheme PingMonitor -configuration Release -destination platform=macOS CODE_SIGN_IDENTITY= CODE_SIGNING_REQUIRED=NO CODE_SIGN_ENTITLEMENTS= CODE_SIGNING_ALLOWED=NO build

Build settings from command line:
    CODE_SIGN_ENTITLEMENTS = 
    CODE_SIGN_IDENTITY = 
    CODE_SIGNING_ALLOWED = NO
    CODE_SIGNING_REQUIRED = NO

2026-02-12 09:42:31.423 xcodebuild[22103:11746735] [MT] IDERunDestination: Supported platforms for the buildables in the current scheme is empty.
--- xcodebuild: WARNING: Using the first of multiple matching destinations:
{ platform:macOS, arch:arm64, id:00006040-0014108801F8801C, name:My Mac }
{ platform:macOS, arch:x86_64, id:00006040-0014108801F8801C, name:My Mac }
note: Using codesigning identity override: 
ComputePackagePrebuildTargetDependencyGraph

Prepare packages

CreateBuildRequest

SendProjectDescription

CreateBuildOperation

ComputeTargetDependencyGraph
note: Building targets in dependency order
note: Target dependency graph (2 targets)
    Target 'PingMonitor' in project 'PingMonitor'
        ➜ Explicit dependency on target 'PingMonitorWidget' in project 'PingMonitor'
    Target 'PingMonitorWidget' in project 'PingMonitor' (no dependencies)

GatherProvisioningInputs

CreateBuildDescription

ClangStatCache /Applications/Xcode.app/Contents/Developer/Toolchains/XcodeDefault.xctoolchain/usr/bin/clang-stat-cache /Applications/Xcode.app/Contents/Developer/Platforms/MacOSX.platform/Developer/SDKs/MacOSX26.2.sdk /Users/framed/Library/Developer/Xcode/DerivedData/SDKStatCaches.noindex/macosx26.2-25C57-00fa09913b459cbbc988d1f6730289ae.sdkstatcache
    cd /Users/framed/Downloads/PingMonitor/PingMonitor.xcodeproj
    /Applications/Xcode.app/Contents/Developer/Toolchains/XcodeDefault.xctoolchain/usr/bin/clang-stat-cache /Applications/Xcode.app/Contents/Developer/Platforms/MacOSX.platform/Developer/SDKs/MacOSX26.2.sdk -o /Users/framed/Library/Developer/Xcode/DerivedData/SDKStatCaches.noindex/macosx26.2-25C57-00fa09913b459cbbc988d1f6730289ae.sdkstatcache

SwiftDriver PingMonitor normal arm64 com.apple.xcode.tools.swift.compiler (in target 'PingMonitor' from project 'PingMonitor')
    cd /Users/framed/Downloads/PingMonitor
    builtin-SwiftDriver -- /Applications/Xcode.app/Contents/Developer/Toolchains/XcodeDefault.xctoolchain/usr/bin/swiftc -module-name PingMonitor -O -whole-module-optimization -enforce-exclusivity\=checked @/Users/framed/Library/Developer/Xcode/DerivedData/PingMonitor-gvhyarralbnmlydlottbbaiqdbhw/Build/Intermediates.noindex/PingMonitor.build/Release/PingMonitor.build/Objects-normal/arm64/PingMonitor.SwiftFileList -enable-experimental-feature DebugDescriptionMacro -sdk /Applications/Xcode.app/Contents/Developer/Platforms/MacOSX.platform/Developer/SDKs/MacOSX26.2.sdk -target arm64-apple-macos14.0 -g -module-cache-path /Users/framed/Library/Developer/Xcode/DerivedData/ModuleCache.noindex -Xfrontend -serialize-debugging-options -swift-version 6 -I /Users/framed/Library/Developer/Xcode/DerivedData/PingMonitor-gvhyarralbnmlydlottbbaiqdbhw/Build/Products/Release -F /Users/framed/Library/Developer/Xcode/DerivedData/PingMonitor-gvhyarralbnmlydlottbbaiqdbhw/Build/Products/Release -c -num-threads 14 -Xcc -ivfsstatcache -Xcc /Users/framed/Library/Developer/Xcode/DerivedData/SDKStatCaches.noindex/macosx26.2-25C57-00fa09913b459cbbc988d1f6730289ae.sdkstatcache -output-file-map /Users/framed/Library/Developer/Xcode/DerivedData/PingMonitor-gvhyarralbnmlydlottbbaiqdbhw/Build/Intermediates.noindex/PingMonitor.build/Release/PingMonitor.build/Objects-normal/arm64/PingMonitor-OutputFileMap.json -use-frontend-parseable-output -save-temps -no-color-diagnostics -explicit-module-build -module-cache-path /Users/framed/Library/Developer/Xcode/DerivedData/PingMonitor-gvhyarralbnmlydlottbbaiqdbhw/Build/Intermediates.noindex/SwiftExplicitPrecompiledModules -clang-scanner-module-cache-path /Users/framed/Library/Developer/Xcode/DerivedData/ModuleCache.noindex -sdk-module-cache-path /Users/framed/Library/Developer/Xcode/DerivedData/ModuleCache.noindex -serialize-diagnostics -emit-dependencies -emit-module -emit-module-path /Users/framed/Library/Developer/Xcode/DerivedData/PingMonitor-gvhyarralbnmlydlottbbaiqdbhw/Build/Intermediates.noindex/PingMonitor.build/Release/PingMonitor.build/Objects-normal/arm64/PingMonitor.swiftmodule -validate-clang-modules-once -clang-build-session-file /Users/framed/Library/Developer/Xcode/DerivedData/ModuleCache.noindex/Session.modulevalidation -Xcc -I/Users/framed/Library/Developer/Xcode/DerivedData/PingMonitor-gvhyarralbnmlydlottbbaiqdbhw/Build/Intermediates.noindex/PingMonitor.build/Release/PingMonitor.build/swift-overrides.hmap -emit-const-values -Xfrontend -const-gather-protocols-file -Xfrontend /Users/framed/Library/Developer/Xcode/DerivedData/PingMonitor-gvhyarralbnmlydlottbbaiqdbhw/Build/Intermediates.noindex/PingMonitor.build/Release/PingMonitor.build/Objects-normal/arm64/PingMonitor_const_extract_protocols.json -Xcc -iquote -Xcc /Users/framed/Library/Developer/Xcode/DerivedData/PingMonitor-gvhyarralbnmlydlottbbaiqdbhw/Build/Intermediates.noindex/PingMonitor.build/Release/PingMonitor.build/PingMonitor-generated-files.hmap -Xcc -I/Users/framed/Library/Developer/Xcode/DerivedData/PingMonitor-gvhyarralbnmlydlottbbaiqdbhw/Build/Intermediates.noindex/PingMonitor.build/Release/PingMonitor.build/PingMonitor-own-target-headers.hmap -Xcc -I/Users/framed/Library/Developer/Xcode/DerivedData/PingMonitor-gvhyarralbnmlydlottbbaiqdbhw/Build/Intermediates.noindex/PingMonitor.build/Release/PingMonitor.build/PingMonitor-all-target-headers.hmap -Xcc -iquote -Xcc /Users/framed/Library/Developer/Xcode/DerivedData/PingMonitor-gvhyarralbnmlydlottbbaiqdbhw/Build/Intermediates.noindex/PingMonitor.build/Release/PingMonitor.build/PingMonitor-project-headers.hmap -Xcc -I/Users/framed/Library/Developer/Xcode/DerivedData/PingMonitor-gvhyarralbnmlydlottbbaiqdbhw/Build/Products/Release/include -Xcc -I/Users/framed/Library/Developer/Xcode/DerivedData/PingMonitor-gvhyarralbnmlydlottbbaiqdbhw/Build/Intermediates.noindex/PingMonitor.build/Release/PingMonitor.build/DerivedSources-normal/arm64 -Xcc -I/Users/framed/Library/Developer/Xcode/DerivedData/PingMonitor-gvhyarralbnmlydlottbbaiqdbhw/Build/Intermediates.noindex/PingMonitor.build/Release/PingMonitor.build/DerivedSources/arm64 -Xcc -I/Users/framed/Library/Developer/Xcode/DerivedData/PingMonitor-gvhyarralbnmlydlottbbaiqdbhw/Build/Intermediates.noindex/PingMonitor.build/Release/PingMonitor.build/DerivedSources -emit-objc-header -emit-objc-header-path /Users/framed/Library/Developer/Xcode/DerivedData/PingMonitor-gvhyarralbnmlydlottbbaiqdbhw/Build/Intermediates.noindex/PingMonitor.build/Release/PingMonitor.build/Objects-normal/arm64/PingMonitor-Swift.h -working-directory /Users/framed/Downloads/PingMonitor -no-emit-module-separately-wmo

SwiftDriver\ Compilation PingMonitor normal arm64 com.apple.xcode.tools.swift.compiler (in target 'PingMonitor' from project 'PingMonitor')
    cd /Users/framed/Downloads/PingMonitor
    builtin-Swift-Compilation -- /Applications/Xcode.app/Contents/Developer/Toolchains/XcodeDefault.xctoolchain/usr/bin/swiftc -module-name PingMonitor -O -whole-module-optimization -enforce-exclusivity\=checked @/Users/framed/Library/Developer/Xcode/DerivedData/PingMonitor-gvhyarralbnmlydlottbbaiqdbhw/Build/Intermediates.noindex/PingMonitor.build/Release/PingMonitor.build/Objects-normal/arm64/PingMonitor.SwiftFileList -enable-experimental-feature DebugDescriptionMacro -sdk /Applications/Xcode.app/Contents/Developer/Platforms/MacOSX.platform/Developer/SDKs/MacOSX26.2.sdk -target arm64-apple-macos14.0 -g -module-cache-path /Users/framed/Library/Developer/Xcode/DerivedData/ModuleCache.noindex -Xfrontend -serialize-debugging-options -swift-version 6 -I /Users/framed/Library/Developer/Xcode/DerivedData/PingMonitor-gvhyarralbnmlydlottbbaiqdbhw/Build/Products/Release -F /Users/framed/Library/Developer/Xcode/DerivedData/PingMonitor-gvhyarralbnmlydlottbbaiqdbhw/Build/Products/Release -c -num-threads 14 -Xcc -ivfsstatcache -Xcc /Users/framed/Library/Developer/Xcode/DerivedData/SDKStatCaches.noindex/macosx26.2-25C57-00fa09913b459cbbc988d1f6730289ae.sdkstatcache -output-file-map /Users/framed/Library/Developer/Xcode/DerivedData/PingMonitor-gvhyarralbnmlydlottbbaiqdbhw/Build/Intermediates.noindex/PingMonitor.build/Release/PingMonitor.build/Objects-normal/arm64/PingMonitor-OutputFileMap.json -use-frontend-parseable-output -save-temps -no-color-diagnostics -explicit-module-build -module-cache-path /Users/framed/Library/Developer/Xcode/DerivedData/PingMonitor-gvhyarralbnmlydlottbbaiqdbhw/Build/Intermediates.noindex/SwiftExplicitPrecompiledModules -clang-scanner-module-cache-path /Users/framed/Library/Developer/Xcode/DerivedData/ModuleCache.noindex -sdk-module-cache-path /Users/framed/Library/Developer/Xcode/DerivedData/ModuleCache.noindex -serialize-diagnostics -emit-dependencies -emit-module -emit-module-path /Users/framed/Library/Developer/Xcode/DerivedData/PingMonitor-gvhyarralbnmlydlottbbaiqdbhw/Build/Intermediates.noindex/PingMonitor.build/Release/PingMonitor.build/Objects-normal/arm64/PingMonitor.swiftmodule -validate-clang-modules-once -clang-build-session-file /Users/framed/Library/Developer/Xcode/DerivedData/ModuleCache.noindex/Session.modulevalidation -Xcc -I/Users/framed/Library/Developer/Xcode/DerivedData/PingMonitor-gvhyarralbnmlydlottbbaiqdbhw/Build/Intermediates.noindex/PingMonitor.build/Release/PingMonitor.build/swift-overrides.hmap -emit-const-values -Xfrontend -const-gather-protocols-file -Xfrontend /Users/framed/Library/Developer/Xcode/DerivedData/PingMonitor-gvhyarralbnmlydlottbbaiqdbhw/Build/Intermediates.noindex/PingMonitor.build/Release/PingMonitor.build/Objects-normal/arm64/PingMonitor_const_extract_protocols.json -Xcc -iquote -Xcc /Users/framed/Library/Developer/Xcode/DerivedData/PingMonitor-gvhyarralbnmlydlottbbaiqdbhw/Build/Intermediates.noindex/PingMonitor.build/Release/PingMonitor.build/PingMonitor-generated-files.hmap -Xcc -I/Users/framed/Library/Developer/Xcode/DerivedData/PingMonitor-gvhyarralbnmlydlottbbaiqdbhw/Build/Intermediates.noindex/PingMonitor.build/Release/PingMonitor.build/PingMonitor-own-target-headers.hmap -Xcc -I/Users/framed/Library/Developer/Xcode/DerivedData/PingMonitor-gvhyarralbnmlydlottbbaiqdbhw/Build/Intermediates.noindex/PingMonitor.build/Release/PingMonitor.build/PingMonitor-all-target-headers.hmap -Xcc -iquote -Xcc /Users/framed/Library/Developer/Xcode/DerivedData/PingMonitor-gvhyarralbnmlydlottbbaiqdbhw/Build/Intermediates.noindex/PingMonitor.build/Release/PingMonitor.build/PingMonitor-project-headers.hmap -Xcc -I/Users/framed/Library/Developer/Xcode/DerivedData/PingMonitor-gvhyarralbnmlydlottbbaiqdbhw/Build/Products/Release/include -Xcc -I/Users/framed/Library/Developer/Xcode/DerivedData/PingMonitor-gvhyarralbnmlydlottbbaiqdbhw/Build/Intermediates.noindex/PingMonitor.build/Release/PingMonitor.build/DerivedSources-normal/arm64 -Xcc -I/Users/framed/Library/Developer/Xcode/DerivedData/PingMonitor-gvhyarralbnmlydlottbbaiqdbhw/Build/Intermediates.noindex/PingMonitor.build/Release/PingMonitor.build/DerivedSources/arm64 -Xcc -I/Users/framed/Library/Developer/Xcode/DerivedData/PingMonitor-gvhyarralbnmlydlottbbaiqdbhw/Build/Intermediates.noindex/PingMonitor.build/Release/PingMonitor.build/DerivedSources -emit-objc-header -emit-objc-header-path /Users/framed/Library/Developer/Xcode/DerivedData/PingMonitor-gvhyarralbnmlydlottbbaiqdbhw/Build/Intermediates.noindex/PingMonitor.build/Release/PingMonitor.build/Objects-normal/arm64/PingMonitor-Swift.h -working-directory /Users/framed/Downloads/PingMonitor -no-emit-module-separately-wmo

SwiftCompile normal arm64 Compiling\ Components.swift,\ DashboardView.swift,\ EditableHostCard.swift,\ MainView.swift,\ PingMonitorApp.swift,\ SidebarView.swift,\ Theme.swift,\ LanguageManager.swift,\ GeneratedAssetSymbols.swift /Users/framed/Downloads/PingMonitor/PingMonitor/Components.swift /Users/framed/Downloads/PingMonitor/PingMonitor/DashboardView.swift /Users/framed/Downloads/PingMonitor/PingMonitor/EditableHostCard.swift /Users/framed/Downloads/PingMonitor/PingMonitor/MainView.swift /Users/framed/Downloads/PingMonitor/PingMonitor/PingMonitorApp.swift /Users/framed/Downloads/PingMonitor/PingMonitor/SidebarView.swift /Users/framed/Downloads/PingMonitor/PingMonitor/Theme.swift /Users/framed/Downloads/PingMonitor/PingMonitor/LanguageManager.swift /Users/framed/Library/Developer/Xcode/DerivedData/PingMonitor-gvhyarralbnmlydlottbbaiqdbhw/Build/Intermediates.noindex/PingMonitor.build/Release/PingMonitor.build/DerivedSources/GeneratedAssetSymbols.swift /Applications/Xcode.app/Contents/Developer/Toolchains/XcodeDefault.xctoolchain/usr/lib/swift/macosx/prebuilt-modules/26.2/Accessibility.swiftmodule/arm64e-apple-macos.swiftmodule /Applications/Xcode.app/Contents/Developer/Toolchains/XcodeDefault.xctoolchain/usr/lib/swift/macosx/prebuilt-modules/26.2/SwiftUI.swiftmodule/arm64e-apple-macos.swiftmodule /Applications/Xcode.app/Contents/Developer/Toolchains/XcodeDefault.xctoolchain/usr/lib/swift/macosx/prebuilt-modules/26.2/CoreFoundation.swiftmodule/arm64e-apple-macos.swiftmodule /Applications/Xcode.app/Contents/Developer/Toolchains/XcodeDefault.xctoolchain/usr/lib/swift/macosx/prebuilt-modules/26.2/_StringProcessing.swiftmodule/arm64e-apple-macos.swiftmodule /Applications/Xcode.app/Contents/Developer/Toolchains/XcodeDefault.xctoolchain/usr/lib/swift/macosx/prebuilt-modules/26.2/_DarwinFoundation2.swiftmodule/arm64e-apple-macos.swiftmodule /Applications/Xcode.app/Contents/Developer/Toolchains/XcodeDefault.xctoolchain/usr/lib/swift/macosx/prebuilt-modules/26.2/Spatial.swiftmodule/arm64e-apple-macos.swiftmodule /Applications/Xcode.app/Contents/Developer/Toolchains/XcodeDefault.xctoolchain/usr/lib/swift/macosx/prebuilt-modules/26.2/DataDetection.swiftmodule/arm64e-apple-macos.swiftmodule /Applications/Xcode.app/Contents/Developer/Toolchains/XcodeDefault.xctoolchain/usr/lib/swift/macosx/prebuilt-modules/26.2/Combine.swiftmodule/arm64e-apple-macos.swiftmodule /Applications/Xcode.app/Contents/Developer/Toolchains/XcodeDefault.xctoolchain/usr/lib/swift/macosx/prebuilt-modules/26.2/AppIntents.swiftmodule/arm64e-apple-macos.swiftmodule /Applications/Xcode.app/Contents/Developer/Toolchains/XcodeDefault.xctoolchain/usr/lib/swift/macosx/prebuilt-modules/26.2/Charts.swiftmodule/arm64e-apple-macos.swiftmodule /Applications/Xcode.app/Contents/Developer/Toolchains/XcodeDefault.xctoolchain/usr/lib/swift/macosx/prebuilt-modules/26.2/Metal.swiftmodule/arm64e-apple-macos.swiftmodule /Applications/Xcode.app/Contents/Developer/Toolchains/XcodeDefault.xctoolchain/usr/lib/swift/macosx/prebuilt-modules/26.2/ActivityKit.swiftmodule/arm64e-apple-macos.swiftmodule /Applications/Xcode.app/Contents/Developer/Toolchains/XcodeDefault.xctoolchain/usr/lib/swift/macosx/prebuilt-modules/26.2/CoreImage.swiftmodule/arm64e-apple-macos.swiftmodule /Applications/Xcode.app/Contents/Developer/Toolchains/XcodeDefault.xctoolchain/usr/lib/swift/macosx/prebuilt-modules/26.2/WidgetKit.swiftmodule/arm64e-apple-macos.swiftmodule /Applications/Xcode.app/Contents/Developer/Toolchains/XcodeDefault.xctoolchain/usr/lib/swift/macosx/prebuilt-modules/26.2/System.swiftmodule/arm64e-apple-macos.swiftmodule /Applications/Xcode.app/Contents/Developer/Toolchains/XcodeDefault.xctoolchain/usr/lib/swift/macosx/prebuilt-modules/26.2/QuartzCore.swiftmodule/arm64e-apple-macos.swiftmodule /Applications/Xcode.app/Contents/Developer/Toolchains/XcodeDefault.xctoolchain/usr/lib/swift/macosx/prebuilt-modules/26.2/XPC.swiftmodule/arm64e-apple-macos.swiftmodule /Applications/Xcode.app/Contents/Developer/Toolchains/XcodeDefault.xctoolchain/usr/lib/swift/macosx/prebuilt-modules/26.2/ObjectiveC.swiftmodule/arm64e-apple-macos.swiftmodule /Applications/Xcode.app/Contents/Developer/Toolchains/XcodeDefault.xctoolchain/usr/lib/swift/macosx/prebuilt-modules/26.2/Dispatch.swiftmodule/arm64e-apple-macos.swiftmodule /Applications/Xcode.app/Contents/Developer/Toolchains/XcodeDefault.xctoolchain/usr/lib/swift/macosx/prebuilt-modules/26.2/RelevanceKit.swiftmodule/arm64e-apple-macos.swiftmodule /Applications/Xcode.app/Contents/Developer/Toolchains/XcodeDefault.xctoolchain/usr/lib/swift/macosx/prebuilt-modules/26.2/SwiftUICore.swiftmodule/arm64e-apple-macos.swiftmodule /Applications/Xcode.app/Contents/Developer/Toolchains/XcodeDefault.xctoolchain/usr/lib/swift/macosx/prebuilt-modules/26.2/_DarwinFoundation3.swiftmodule/arm64e-apple-macos.swiftmodule /Applications/Xcode.app/Contents/Developer/Toolchains/XcodeDefault.xctoolchain/usr/lib/swift/macosx/prebuilt-modules/26.2/DeveloperToolsSupport.swiftmodule/arm64e-apple-macos.swiftmodule /Applications/Xcode.app/Contents/Developer/Toolchains/XcodeDefault.xctoolchain/usr/lib/swift/macosx/prebuilt-modules/26.2/_AppIntents_SwiftUI.swiftmodule/arm64e-apple-macos.swiftmodule /Applications/Xcode.app/Contents/Developer/Toolchains/XcodeDefault.xctoolchain/usr/lib/swift/macosx/prebuilt-modules/26.2/ExtensionFoundation.swiftmodule/arm64e-apple-macos.swiftmodule /Applications/Xcode.app/Contents/Developer/Toolchains/XcodeDefault.xctoolchain/usr/lib/swift/macosx/prebuilt-modules/26.2/OSLog.swiftmodule/arm64e-apple-macos.swiftmodule /Applications/Xcode.app/Contents/Developer/Toolchains/XcodeDefault.xctoolchain/usr/lib/swift/macosx/prebuilt-modules/26.2/Observation.swiftmodule/arm64e-apple-macos.swiftmodule /Applications/Xcode.app/Contents/Developer/Toolchains/XcodeDefault.xctoolchain/usr/lib/swift/macosx/prebuilt-modules/26.2/CoreText.swiftmodule/arm64e-apple-macos.swiftmodule /Applications/Xcode.app/Contents/Developer/Toolchains/XcodeDefault.xctoolchain/usr/lib/swift/macosx/prebuilt-modules/26.2/CoreVideo.swiftmodule/arm64e-apple-macos.swiftmodule /Applications/Xcode.app/Contents/Developer/Toolchains/XcodeDefault.xctoolchain/usr/lib/swift/macosx/prebuilt-modules/26.2/Swift.swiftmodule/arm64e-apple-macos.swiftmodule /Applications/Xcode.app/Contents/Developer/Toolchains/XcodeDefault.xctoolchain/usr/lib/swift/macosx/prebuilt-modules/26.2/AppKit.swiftmodule/arm64e-apple-macos.swiftmodule /Applications/Xcode.app/Contents/Developer/Toolchains/XcodeDefault.xctoolchain/usr/lib/swift/macosx/prebuilt-modules/26.2/UniformTypeIdentifiers.swiftmodule/arm64e-apple-macos.swiftmodule /Applications/Xcode.app/Contents/Developer/Toolchains/XcodeDefault.xctoolchain/usr/lib/swift/macosx/prebuilt-modules/26.2/CoreTransferable.swiftmodule/arm64e-apple-macos.swiftmodule /Applications/Xcode.app/Contents/Developer/Toolchains/XcodeDefault.xctoolchain/usr/lib/swift/macosx/prebuilt-modules/26.2/Intents.swiftmodule/arm64e-apple-macos.swiftmodule /Applications/Xcode.app/Contents/Developer/Toolchains/XcodeDefault.xctoolchain/usr/lib/swift/macosx/prebuilt-modules/26.2/CoreSpotlight.swiftmodule/arm64e-apple-macos.swiftmodule /Applications/Xcode.app/Contents/Developer/Toolchains/XcodeDefault.xctoolchain/usr/lib/swift/macosx/prebuilt-modules/26.2/Network.swiftmodule/arm64e-apple-macos.swiftmodule /Applications/Xcode.app/Contents/Developer/Toolchains/XcodeDefault.xctoolchain/usr/lib/swift/macosx/prebuilt-modules/26.2/CoreLocation.swiftmodule/arm64e-apple-macos.swiftmodule /Applications/Xcode.app/Contents/Developer/Toolchains/XcodeDefault.xctoolchain/usr/lib/swift/macosx/prebuilt-modules/26.2/CoreGraphics.swiftmodule/arm64e-apple-macos.swiftmodule /Applications/Xcode.app/Contents/Developer/Toolchains/XcodeDefault.xctoolchain/usr/lib/swift/macosx/prebuilt-modules/26.2/_Builtin_float.swiftmodule/arm64e-apple-macos.swiftmodule /Applications/Xcode.app/Contents/Developer/Toolchains/XcodeDefault.xctoolchain/usr/lib/swift/macosx/prebuilt-modules/26.2/simd.swiftmodule/arm64e-apple-macos.swiftmodule /Applications/Xcode.app/Contents/Developer/Toolchains/XcodeDefault.xctoolchain/usr/lib/swift/macosx/prebuilt-modules/26.2/IOKit.swiftmodule/arm64e-apple-macos.swiftmodule /Applications/Xcode.app/Contents/Developer/Toolchains/XcodeDefault.xctoolchain/usr/lib/swift/macosx/prebuilt-modules/26.2/_DarwinFoundation1.swiftmodule/arm64e-apple-macos.swiftmodule /Applications/Xcode.app/Contents/Developer/Toolchains/XcodeDefault.xctoolchain/usr/lib/swift/macosx/prebuilt-modules/26.2/_Concurrency.swiftmodule/arm64e-apple-macos.swiftmodule /Applications/Xcode.app/Contents/Developer/Toolchains/XcodeDefault.xctoolchain/usr/lib/swift/macosx/prebuilt-modules/26.2/Darwin.swiftmodule/arm64e-apple-macos.swiftmodule /Applications/Xcode.app/Contents/Developer/Toolchains/XcodeDefault.xctoolchain/usr/lib/swift/macosx/prebuilt-modules/26.2/os.swiftmodule/arm64e-apple-macos.swiftmodule /Applications/Xcode.app/Contents/Developer/Toolchains/XcodeDefault.xctoolchain/usr/lib/swift/macosx/prebuilt-modules/26.2/Foundation.swiftmodule/arm64e-apple-macos.swiftmodule /Applications/Xcode.app/Contents/Developer/Toolchains/XcodeDefault.xctoolchain/usr/lib/swift/macosx/prebuilt-modules/26.2/Distributed.swiftmodule/arm64e-apple-macos.swiftmodule /Applications/Xcode.app/Contents/Developer/Toolchains/XcodeDefault.xctoolchain/usr/lib/swift/macosx/prebuilt-modules/26.2/Symbols.swiftmodule/arm64e-apple-macos.swiftmodule /Applications/Xcode.app/Contents/Developer/Toolchains/XcodeDefault.xctoolchain/usr/lib/swift/macosx/prebuilt-modules/26.2/CoreData.swiftmodule/arm64e-apple-macos.swiftmodule /Users/framed/Library/Developer/Xcode/DerivedData/ModuleCache.noindex/_Builtin_stdint-18UDMKL5JWUF9UPMVV8WGNJOB.pcm /Users/framed/Library/Developer/Xcode/DerivedData/ModuleCache.noindex/CoreSpotlight-5BP5YU7X6Q6P88NY2LGHYH2SQ.pcm /Users/framed/Library/Developer/Xcode/DerivedData/ModuleCache.noindex/_Builtin_stddef-ENDL33UOSHPYBSY6TR73BO2WC.pcm /Users/framed/Library/Developer/Xcode/DerivedData/ModuleCache.noindex/SwiftShims-9COTLNJ8SSTNRRZB1MS6LRZDT.pcm /Users/framed/Library/Developer/Xcode/DerivedData/ModuleCache.noindex/libDER-6GU2XXBZLJ5FFLD07SZK6VFZ2.pcm /Users/framed/Library/Developer/Xcode/DerivedData/ModuleCache.noindex/UniformTypeIdentifiers-7Q7ZM4K2ACX3U9D18V4HDCG7J.pcm /Users/framed/Library/Developer/Xcode/DerivedData/ModuleCache.noindex/MachO-8I8L9NYLB6ORCS59WIJUFEQBL.pcm /Users/framed/Library/Developer/Xcode/DerivedData/ModuleCache.noindex/_Builtin_intrinsics-4MKCXLP7CYEJYSFOWGISC5OS9.pcm /Users/framed/Library/Developer/Xcode/DerivedData/ModuleCache.noindex/launch-16UTFM645NZX1YL75EGJSFN79.pcm /Users/framed/Library/Developer/Xcode/DerivedData/ModuleCache.noindex/ptrauth-6H2QYFHP5CG5PYK63JT2QB1RM.pcm /Users/framed/Library/Developer/Xcode/DerivedData/ModuleCache.noindex/CoreFoundation-6R9GKTGD6PTBTH8AKB61KU8AQ.pcm /Users/framed/Library/Developer/Xcode/DerivedData/ModuleCache.noindex/os-64IV396AC116CUUJELY0NU2P3.pcm /Users/framed/Library/Developer/Xcode/DerivedData/ModuleCache.noindex/DiskArbitration-6U04XBGSCAFTP0UZP5AHF20YG.pcm /Users/framed/Library/Developer/Xcode/DerivedData/ModuleCache.noindex/QuartzCore-Q3Q0BNXZQQ8TAM8HMEIJRS83.pcm /Users/framed/Library/Developer/Xcode/DerivedData/ModuleCache.noindex/XPC-7Z1X1T9BU5O5KASH5AD4AH3P.pcm /Users/framed/Library/Developer/Xcode/DerivedData/ModuleCache.noindex/CoreImage-5V52NQTWVWTAS1OGTU5HY8M9W.pcm /Users/framed/Library/Developer/Xcode/DerivedData/ModuleCache.noindex/ActivityKit-CJR9YWKK1UC8ZVI4VM81JJ5IY.pcm /Users/framed/Library/Developer/Xcode/DerivedData/ModuleCache.noindex/SwiftUICore-5LBY16WGKUZWMD1QMF11JORR1.pcm /Users/framed/Library/Developer/Xcode/DerivedData/ModuleCache.noindex/ImageIO-1ZYB86TKM35HHAC2BMQDB4X23.pcm /Users/framed/Library/Developer/Xcode/DerivedData/ModuleCache.noindex/_SwiftConcurrencyShims-32RYOF6726UX6KNHMUXFP8YGS.pcm /Users/framed/Library/Developer/Xcode/DerivedData/ModuleCache.noindex/ObjectiveC-3G407Z44SXYABDDP384GR400N.pcm /Users/framed/Library/Developer/Xcode/DerivedData/ModuleCache.noindex/sys_types-B8SU9OTJIOZ9415TKSFNG7F5J.pcm /Users/framed/Library/Developer/Xcode/DerivedData/ModuleCache.noindex/Intents-33TSBAYXV0KXWZ8ZKPPSGDNFC.pcm /Users/framed/Library/Developer/Xcode/DerivedData/ModuleCache.noindex/_Builtin_stdatomic-BGB69N8ZFHOQO6J5LOABTB5YQ.pcm /Users/framed/Library/Developer/Xcode/DerivedData/ModuleCache.noindex/CoreVideo-A8PKSL6X17MPPBB7784V807XJ.pcm /Users/framed/Library/Developer/Xcode/DerivedData/ModuleCache.noindex/CoreTransferable-AOSNJ5JG3KJWEQ2ZJ9JAX23DR.pcm /Users/framed/Library/Developer/Xcode/DerivedData/ModuleCache.noindex/_DarwinFoundation1-3BN20EGR0C7WS9NGPIB089X1J.pcm /Users/framed/Library/Developer/Xcode/DerivedData/ModuleCache.noindex/_Builtin_limits-DFR2KCFYTNZSE5ZVW9E417DIB.pcm /Users/framed/Library/Developer/Xcode/DerivedData/ModuleCache.noindex/OpenGL-5YCWVX19N5M31AP1F4820R9L8.pcm /Users/framed/Library/Developer/Xcode/DerivedData/ModuleCache.noindex/RelevanceKit-EPMCVQROFMY3AJIH8EFYM0JMM.pcm /Users/framed/Library/Developer/Xcode/DerivedData/ModuleCache.noindex/_DarwinFoundation2-8HM9FW5AFGZ40PBNN4H5V3L39.pcm /Users/framed/Library/Developer/Xcode/DerivedData/ModuleCache.noindex/ptrcheck-ESY4CFTYD5YNA8ISY5YB2B3QF.pcm /Users/framed/Library/Developer/Xcode/DerivedData/ModuleCache.noindex/OSLog-57CBUCZIDWLNKB1SR2RYPMGMZ.pcm /Users/framed/Library/Developer/Xcode/DerivedData/ModuleCache.noindex/_Builtin_inttypes-9U048LDA4PTFBU1XYGHFCO1DM.pcm /Users/framed/Library/Developer/Xcode/DerivedData/ModuleCache.noindex/Spatial-2R2GWPLKRU67IAN06TNAXPFR2.pcm /Users/framed/Library/Developer/Xcode/DerivedData/ModuleCache.noindex/UserNotifications-95LIOLD3RPB596YWFA32WBR9B.pcm /Users/framed/Library/Developer/Xcode/DerivedData/ModuleCache.noindex/os_workgroup-3Y3AC3MH894ICTE7XX7BONBZT.pcm /Users/framed/Library/Developer/Xcode/DerivedData/ModuleCache.noindex/Symbols-83VMLXKUS9LKGTVQR2RBYSYI5.pcm /Users/framed/Library/Developer/Xcode/DerivedData/ModuleCache.noindex/AppKit-AJVEJA6S241Q3LTGC833FZISW.pcm /Users/framed/Library/Developer/Xcode/DerivedData/ModuleCache.noindex/DataDetection-52B001PFQK3JGQMLO4DORMJHD.pcm /Users/framed/Library/Developer/Xcode/DerivedData/ModuleCache.noindex/os_object-5Z5HOL4MBGT5NEG9WNYP75HBX.pcm /Users/framed/Library/Developer/Xcode/DerivedData/ModuleCache.noindex/CoreLocation-3JABL2VHQ0OVMETE3TO34WKW5.pcm /Users/framed/Library/Developer/Xcode/DerivedData/ModuleCache.noindex/_AvailabilityInternal-B0KKT69BMSS38TW5WPZZF1M94.pcm /Users/framed/Library/Developer/Xcode/DerivedData/ModuleCache.noindex/IOKit-9HM7WFF77CWJ9467M9205FCQK.pcm /Users/framed/Library/Developer/Xcode/DerivedData/ModuleCache.noindex/IOSurface-B11TJOLBXTS0LUUVFP3GBHMA8.pcm /Users/framed/Library/Developer/Xcode/DerivedData/ModuleCache.noindex/Darwin-U1E28XH69S6USCVNS4DQGE4C.pcm /Users/framed/Library/Developer/Xcode/DerivedData/ModuleCache.noindex/ColorSync-E5E3XJNB4FL0RHLTLCGY9G2U3.pcm /Users/framed/Library/Developer/Xcode/DerivedData/ModuleCache.noindex/CoreText-7KSRXS06NO9DZHRWFEMU9A848.pcm /Users/framed/Library/Developer/Xcode/DerivedData/ModuleCache.noindex/SwiftUI-3EE2PE7FF1ORB1D1XBSZRRLDH.pcm /Users/framed/Library/Developer/Xcode/DerivedData/ModuleCache.noindex/AppIntents-D733TX5I21NG1HW603J3I19GM.pcm /Users/framed/Library/Developer/Xcode/DerivedData/ModuleCache.noindex/_Builtin_stdarg-7WAEGY1UN8XV8DV6G8EFNETGF.pcm /Users/framed/Library/Developer/Xcode/DerivedData/ModuleCache.noindex/CUPS-33OMWHP2ZS692287RUWFKIGU4.pcm /Users/framed/Library/Developer/Xcode/DerivedData/ModuleCache.noindex/CoreData-1VH8Z3OQ1O3RBJTOEWDCB03KG.pcm /Users/framed/Library/Developer/Xcode/DerivedData/ModuleCache.noindex/dnssd-3M8WSCLXO4D6RJ7F6CMZ2NJRH.pcm /Users/framed/Library/Developer/Xcode/DerivedData/ModuleCache.noindex/CoreGraphics-ETDCCWNMCCIBBWQIE9GJTI8SO.pcm /Users/framed/Library/Developer/Xcode/DerivedData/ModuleCache.noindex/simd-CYCK30K92KDZA3HYCCYWOE6WM.pcm /Users/framed/Library/Developer/Xcode/DerivedData/ModuleCache.noindex/ApplicationServices-5TACZB3NP66ZK1B0NCGFK3DBF.pcm /Users/framed/Library/Developer/Xcode/DerivedData/ModuleCache.noindex/Metal-94TB6TQ8Q0LCLHVOV4O4Q6CXJ.pcm /Users/framed/Library/Developer/Xcode/DerivedData/ModuleCache.noindex/_Builtin_stdbool-4QOKR5BPAGP88ZDGAADC77IYH.pcm /Users/framed/Library/Developer/Xcode/DerivedData/ModuleCache.noindex/_LocationEssentials-70YYQCY8IOLE0J5JK3KYY6A38.pcm /Users/framed/Library/Developer/Xcode/DerivedData/ModuleCache.noindex/Network-BM5EGDSZ2CXMTBM73W6D8NUC8.pcm /Users/framed/Library/Developer/Xcode/DerivedData/ModuleCache.noindex/CoreServices-7OINIQ34SGKXN8AJ1RSGZ1CJG.pcm /Users/framed/Library/Developer/Xcode/DerivedData/ModuleCache.noindex/ServiceManagement-BXLGHGYQ0OHLUF2INJQO727HC.pcm /Users/framed/Library/Developer/Xcode/DerivedData/ModuleCache.noindex/ExtensionFoundation-7VS26FANIQLWCC488GQEOAJKJ.pcm /Users/framed/Library/Developer/Xcode/DerivedData/ModuleCache.noindex/_Builtin_float-BTD8CIEIMBW6VC34V4G0IAM0Q.pcm /Users/framed/Library/Developer/Xcode/DerivedData/ModuleCache.noindex/Dispatch-W10JR1IH5YZA4VUEKG9AIU7T.pcm /Users/framed/Library/Developer/Xcode/DerivedData/ModuleCache.noindex/libkern-BPJJ0A8TL12JEK6XH1T1VJ5ZY.pcm /Users/framed/Library/Developer/Xcode/DerivedData/ModuleCache.noindex/WidgetKit-N32UBUUNBT96V1PKHKPYXOWG.pcm /Users/framed/Library/Developer/Xcode/DerivedData/ModuleCache.noindex/Security-AWWRJQ29Q782MP61U6RWQ53M0.pcm /Users/framed/Library/Developer/Xcode/DerivedData/ModuleCache.noindex/Foundation-2PSVWUMNO44BU7G15KX0V8MWI.pcm /Users/framed/Library/Developer/Xcode/DerivedData/ModuleCache.noindex/CFNetwork-7ASOSWLTNDGTNIQDV0L7L3JKL.pcm /Users/framed/Library/Developer/Xcode/DerivedData/ModuleCache.noindex/Accessibility-6Y3GC3271TVA4P082CW0QU9E8.pcm /Users/framed/Library/Developer/Xcode/DerivedData/ModuleCache.noindex/DeveloperToolsSupport-D0KAPA9YW11AAXTRP00TDJ2HS.pcm /Users/framed/Library/Developer/Xcode/DerivedData/ModuleCache.noindex/_DarwinFoundation3-4I9VMGPTQQUHF6DF533G2SJMH.pcm /Users/framed/Library/Developer/Xcode/DerivedData/ModuleCache.noindex/_Builtin_tgmath-CAAM0Y0JE91A8XKOW5KX8CE09.pcm /Users/framed/Library/Developer/Xcode/DerivedData/PingMonitor-gvhyarralbnmlydlottbbaiqdbhw/Build/Intermediates.noindex/PingMonitor.build/Release/PingMonitor.build/Objects-normal/arm64/PingMonitor-dependencies-1.json (in target 'PingMonitor' from project 'PingMonitor')

CompileSwift normal arm64 (in target 'PingMonitor' from project 'PingMonitor')
    cd /Users/framed/Downloads/PingMonitor
    
/Users/framed/Downloads/PingMonitor/PingMonitor/MainView.swift:17:54: error: call to main actor-isolated instance method 't' in a synchronous nonisolated context
        case .monitor: return LanguageManager.shared.t("sidebar.monitor")
                                                     ^
/Users/framed/Downloads/PingMonitor/PingMonitor/LanguageManager.swift:31:10: note: calls to instance method 't' from outside of its actor context are implicitly asynchronous
    func t(_ key: String) -> String {
         ^
/Users/framed/Downloads/PingMonitor/PingMonitor/MainView.swift:17:47: error: main actor-isolated static property 'shared' can not be referenced from a nonisolated context
        case .monitor: return LanguageManager.shared.t("sidebar.monitor")
                                              ^
/Users/framed/Downloads/PingMonitor/PingMonitor/LanguageManager.swift:17:16: note: static property declared here
    static let shared = LanguageManager()
               ^
/Users/framed/Downloads/PingMonitor/PingMonitor/MainView.swift:18:57: error: call to main actor-isolated instance method 't' in a synchronous nonisolated context
        case .statistics: return LanguageManager.shared.t("sidebar.dashboard")
                                                        ^
/Users/framed/Downloads/PingMonitor/PingMonitor/LanguageManager.swift:31:10: note: calls to instance method 't' from outside of its actor context are implicitly asynchronous
    func t(_ key: String) -> String {
         ^
/Users/framed/Downloads/PingMonitor/PingMonitor/MainView.swift:18:50: error: main actor-isolated static property 'shared' can not be referenced from a nonisolated context
        case .statistics: return LanguageManager.shared.t("sidebar.dashboard")
                                                 ^
/Users/framed/Downloads/PingMonitor/PingMonitor/LanguageManager.swift:17:16: note: static property declared here
    static let shared = LanguageManager()
               ^
/Users/framed/Downloads/PingMonitor/PingMonitor/MainView.swift:19:52: error: call to main actor-isolated instance method 't' in a synchronous nonisolated context
        case .hosts: return LanguageManager.shared.t("sidebar.hosts")
                                                   ^
/Users/framed/Downloads/PingMonitor/PingMonitor/LanguageManager.swift:31:10: note: calls to instance method 't' from outside of its actor context are implicitly asynchronous
    func t(_ key: String) -> String {
         ^
/Users/framed/Downloads/PingMonitor/PingMonitor/MainView.swift:19:45: error: main actor-isolated static property 'shared' can not be referenced from a nonisolated context
        case .hosts: return LanguageManager.shared.t("sidebar.hosts")
                                            ^
/Users/framed/Downloads/PingMonitor/PingMonitor/LanguageManager.swift:17:16: note: static property declared here
    static let shared = LanguageManager()
               ^
/Users/framed/Downloads/PingMonitor/PingMonitor/MainView.swift:20:51: error: call to main actor-isolated instance method 't' in a synchronous nonisolated context
        case .logs: return LanguageManager.shared.t("sidebar.logs")
                                                  ^
/Users/framed/Downloads/PingMonitor/PingMonitor/LanguageManager.swift:31:10: note: calls to instance method 't' from outside of its actor context are implicitly asynchronous
    func t(_ key: String) -> String {
         ^
/Users/framed/Downloads/PingMonitor/PingMonitor/MainView.swift:20:44: error: main actor-isolated static property 'shared' can not be referenced from a nonisolated context
        case .logs: return LanguageManager.shared.t("sidebar.logs")
                                           ^
/Users/framed/Downloads/PingMonitor/PingMonitor/LanguageManager.swift:17:16: note: static property declared here
    static let shared = LanguageManager()
               ^
/Users/framed/Downloads/PingMonitor/PingMonitor/MainView.swift:21:55: error: call to main actor-isolated instance method 't' in a synchronous nonisolated context
        case .settings: return LanguageManager.shared.t("sidebar.settings")
                                                      ^
/Users/framed/Downloads/PingMonitor/PingMonitor/LanguageManager.swift:31:10: note: calls to instance method 't' from outside of its actor context are implicitly asynchronous
    func t(_ key: String) -> String {
         ^
/Users/framed/Downloads/PingMonitor/PingMonitor/MainView.swift:21:48: error: main actor-isolated static property 'shared' can not be referenced from a nonisolated context
        case .settings: return LanguageManager.shared.t("sidebar.settings")
                                               ^
/Users/framed/Downloads/PingMonitor/PingMonitor/LanguageManager.swift:17:16: note: static property declared here
    static let shared = LanguageManager()
               ^
/Users/framed/Downloads/PingMonitor/PingMonitor/MainView.swift:234:18: warning: immutable value 'hostId' was never used; consider replacing with '_' or removing it
            for (hostId, stats) in viewModel.hostStats {
                 ^~~~~~
                 _
/Users/framed/Downloads/PingMonitor/PingMonitor/PingMonitorApp.swift:103:13: warning: immutable property will not be decoded because it is declared with an initial value which cannot be overwritten
        let id = UUID()
            ^
/Users/framed/Downloads/PingMonitor/PingMonitor/PingMonitorApp.swift:103:13: note: set the initial value via the initializer or explicitly define a CodingKeys enum including a 'id' case to silence this warning
        let id = UUID()
            ^
/Users/framed/Downloads/PingMonitor/PingMonitor/PingMonitorApp.swift:103:13: note: make the property mutable instead
        let id = UUID()
        ~~~ ^
        var
/Users/framed/Downloads/PingMonitor/PingMonitor/PingMonitorApp.swift:754:9: warning: immutable property will not be decoded because it is declared with an initial value which cannot be overwritten
    let id = UUID()
        ^
/Users/framed/Downloads/PingMonitor/PingMonitor/PingMonitorApp.swift:754:9: note: set the initial value via the initializer or explicitly define a CodingKeys enum including a 'id' case to silence this warning
    let id = UUID()
        ^
/Users/framed/Downloads/PingMonitor/PingMonitor/PingMonitorApp.swift:754:9: note: make the property mutable instead
    let id = UUID()
    ~~~ ^
    var
/Users/framed/Downloads/PingMonitor/PingMonitor/PingMonitorApp.swift:776:9: warning: immutable property will not be decoded because it is declared with an initial value which cannot be overwritten
    let id = UUID()
        ^
/Users/framed/Downloads/PingMonitor/PingMonitor/PingMonitorApp.swift:776:9: note: set the initial value via the initializer or explicitly define a CodingKeys enum including a 'id' case to silence this warning
    let id = UUID()
        ^
/Users/framed/Downloads/PingMonitor/PingMonitor/PingMonitorApp.swift:776:9: note: make the property mutable instead
    let id = UUID()
    ~~~ ^
    var
/Users/framed/Downloads/PingMonitor/PingMonitor/PingMonitorApp.swift:783:9: warning: immutable property will not be decoded because it is declared with an initial value which cannot be overwritten
    let id = UUID()
        ^
/Users/framed/Downloads/PingMonitor/PingMonitor/PingMonitorApp.swift:783:9: note: set the initial value via the initializer or explicitly define a CodingKeys enum including a 'id' case to silence this warning
    let id = UUID()
        ^
/Users/framed/Downloads/PingMonitor/PingMonitor/PingMonitorApp.swift:783:9: note: make the property mutable instead
    let id = UUID()
    ~~~ ^
    var

Failed frontend command:
/Applications/Xcode.app/Contents/Developer/Toolchains/XcodeDefault.xctoolchain/usr/bin/swift-frontend -frontend -c /Users/framed/Downloads/PingMonitor/PingMonitor/Components.swift /Users/framed/Downloads/PingMonitor/PingMonitor/DashboardView.swift /Users/framed/Downloads/PingMonitor/PingMonitor/EditableHostCard.swift /Users/framed/Downloads/PingMonitor/PingMonitor/MainView.swift /Users/framed/Downloads/PingMonitor/PingMonitor/PingMonitorApp.swift /Users/framed/Downloads/PingMonitor/PingMonitor/SidebarView.swift /Users/framed/Downloads/PingMonitor/PingMonitor/Theme.swift /Users/framed/Downloads/PingMonitor/PingMonitor/LanguageManager.swift /Users/framed/Library/Developer/Xcode/DerivedData/PingMonitor-gvhyarralbnmlydlottbbaiqdbhw/Build/Intermediates.noindex/PingMonitor.build/Release/PingMonitor.build/DerivedSources/GeneratedAssetSymbols.swift -supplementary-output-file-map /Users/framed/Library/Developer/Xcode/DerivedData/PingMonitor-gvhyarralbnmlydlottbbaiqdbhw/Build/Intermediates.noindex/PingMonitor.build/Release/PingMonitor.build/Objects-normal/arm64/supplementaryOutputs-1 -target arm64-apple-macos14.0 -module-can-import-version DeveloperToolsSupport 23.0.4 23.0.4 -load-resolved-plugin /Applications/Xcode.app/Contents/Developer/Platforms/MacOSX.platform/Developer/usr/lib/swift/host/plugins/libAppIntentsMacros.dylib\#/Applications/Xcode.app/Contents/Developer/Platforms/MacOSX.platform/Developer/usr/bin/swift-plugin-server\#AppIntentsMacros -load-resolved-plugin /Applications/Xcode.app/Contents/Developer/Platforms/MacOSX.platform/Developer/usr/lib/swift/host/plugins/libFoundationMacros.dylib\#/Applications/Xcode.app/Contents/Developer/Platforms/MacOSX.platform/Developer/usr/bin/swift-plugin-server\#FoundationMacros -load-resolved-plugin /Applications/Xcode.app/Contents/Developer/Platforms/MacOSX.platform/Developer/usr/lib/swift/host/plugins/libObservationMacros.dylib\#/Applications/Xcode.app/Contents/Developer/Platforms/MacOSX.platform/Developer/usr/bin/swift-plugin-server\#ObservationMacros -load-resolved-plugin /Applications/Xcode.app/Contents/Developer/Platforms/MacOSX.platform/Developer/usr/lib/swift/host/plugins/libPreviewsMacros.dylib\#/Applications/Xcode.app/Contents/Developer/Platforms/MacOSX.platform/Developer/usr/bin/swift-plugin-server\#PreviewsMacros -load-resolved-plugin /Applications/Xcode.app/Contents/Developer/Platforms/MacOSX.platform/Developer/usr/lib/swift/host/plugins/libSwiftMacros.dylib\#/Applications/Xcode.app/Contents/Developer/Platforms/MacOSX.platform/Developer/usr/bin/swift-plugin-server\#SwiftMacros -load-resolved-plugin /Applications/Xcode.app/Contents/Developer/Platforms/MacOSX.platform/Developer/usr/lib/swift/host/plugins/libSwiftUIMacros.dylib\#/Applications/Xcode.app/Contents/Developer/Platforms/MacOSX.platform/Developer/usr/bin/swift-plugin-server\#SwiftUIMacros -disable-implicit-swift-modules -Xcc -fno-implicit-modules -Xcc -fno-implicit-module-maps -explicit-swift-module-map-file /Users/framed/Library/Developer/Xcode/DerivedData/PingMonitor-gvhyarralbnmlydlottbbaiqdbhw/Build/Intermediates.noindex/PingMonitor.build/Release/PingMonitor.build/Objects-normal/arm64/PingMonitor-dependencies-1.json -Xllvm -aarch64-use-tbi -enable-objc-interop -stack-check -sdk /Applications/Xcode.app/Contents/Developer/Platforms/MacOSX.platform/Developer/SDKs/MacOSX26.2.sdk -I /Users/framed/Library/Developer/Xcode/DerivedData/PingMonitor-gvhyarralbnmlydlottbbaiqdbhw/Build/Products/Release -F /Users/framed/Library/Developer/Xcode/DerivedData/PingMonitor-gvhyarralbnmlydlottbbaiqdbhw/Build/Products/Release -no-color-diagnostics -Xcc -fno-color-diagnostics -g -debug-info-format\=dwarf -dwarf-version\=4 -module-cache-path /Users/framed/Library/Developer/Xcode/DerivedData/PingMonitor-gvhyarralbnmlydlottbbaiqdbhw/Build/Intermediates.noindex/SwiftExplicitPrecompiledModules -swift-version 6 -enforce-exclusivity\=checked -O -serialize-debugging-options -const-gather-protocols-file /Users/framed/Library/Developer/Xcode/DerivedData/PingMonitor-gvhyarralbnmlydlottbbaiqdbhw/Build/Intermediates.noindex/PingMonitor.build/Release/PingMonitor.build/Objects-normal/arm64/PingMonitor_const_extract_protocols.json -enable-experimental-feature DebugDescriptionMacro -empty-abi-descriptor -validate-clang-modules-once -clang-build-session-file /Users/framed/Library/Developer/Xcode/DerivedData/ModuleCache.noindex/Session.modulevalidation -Xcc -working-directory -Xcc /Users/framed/Downloads/PingMonitor -file-compilation-dir /Users/framed/Downloads/PingMonitor -Xcc -ivfsstatcache -Xcc /Users/framed/Library/Developer/Xcode/DerivedData/SDKStatCaches.noindex/macosx26.2-25C57-00fa09913b459cbbc988d1f6730289ae.sdkstatcache -Xcc -I/Users/framed/Library/Developer/Xcode/DerivedData/PingMonitor-gvhyarralbnmlydlottbbaiqdbhw/Build/Intermediates.noindex/PingMonitor.build/Release/PingMonitor.build/swift-overrides.hmap -Xcc -iquote -Xcc /Users/framed/Library/Developer/Xcode/DerivedData/PingMonitor-gvhyarralbnmlydlottbbaiqdbhw/Build/Intermediates.noindex/PingMonitor.build/Release/PingMonitor.build/PingMonitor-generated-files.hmap -Xcc -I/Users/framed/Library/Developer/Xcode/DerivedData/PingMonitor-gvhyarralbnmlydlottbbaiqdbhw/Build/Intermediates.noindex/PingMonitor.build/Release/PingMonitor.build/PingMonitor-own-target-headers.hmap -Xcc -I/Users/framed/Library/Developer/Xcode/DerivedData/PingMonitor-gvhyarralbnmlydlottbbaiqdbhw/Build/Intermediates.noindex/PingMonitor.build/Release/PingMonitor.build/PingMonitor-all-target-headers.hmap -Xcc -iquote -Xcc /Users/framed/Library/Developer/Xcode/DerivedData/PingMonitor-gvhyarralbnmlydlottbbaiqdbhw/Build/Intermediates.noindex/PingMonitor.build/Release/PingMonitor.build/PingMonitor-project-headers.hmap -Xcc -I/Users/framed/Library/Developer/Xcode/DerivedData/PingMonitor-gvhyarralbnmlydlottbbaiqdbhw/Build/Products/Release/include -Xcc -I/Users/framed/Library/Developer/Xcode/DerivedData/PingMonitor-gvhyarralbnmlydlottbbaiqdbhw/Build/Intermediates.noindex/PingMonitor.build/Release/PingMonitor.build/DerivedSources-normal/arm64 -Xcc -I/Users/framed/Library/Developer/Xcode/DerivedData/PingMonitor-gvhyarralbnmlydlottbbaiqdbhw/Build/Intermediates.noindex/PingMonitor.build/Release/PingMonitor.build/DerivedSources/arm64 -Xcc -I/Users/framed/Library/Developer/Xcode/DerivedData/PingMonitor-gvhyarralbnmlydlottbbaiqdbhw/Build/Intermediates.noindex/PingMonitor.build/Release/PingMonitor.build/DerivedSources -no-auto-bridging-header-chaining -module-name PingMonitor -frontend-parseable-output -disable-clang-spi -target-sdk-version 26.2 -target-sdk-name macosx26.2 -clang-target arm64-apple-macos26.2 -in-process-plugin-server-path /Applications/Xcode.app/Contents/Developer/Toolchains/XcodeDefault.xctoolchain/usr/lib/swift/host/libSwiftInProcPluginServer.dylib -enable-default-cmo -num-threads 14 -o /Users/framed/Library/Developer/Xcode/DerivedData/PingMonitor-gvhyarralbnmlydlottbbaiqdbhw/Build/Intermediates.noindex/PingMonitor.build/Release/PingMonitor.build/Objects-normal/arm64/Components.o -o /Users/framed/Library/Developer/Xcode/DerivedData/PingMonitor-gvhyarralbnmlydlottbbaiqdbhw/Build/Intermediates.noindex/PingMonitor.build/Release/PingMonitor.build/Objects-normal/arm64/DashboardView.o -o /Users/framed/Library/Developer/Xcode/DerivedData/PingMonitor-gvhyarralbnmlydlottbbaiqdbhw/Build/Intermediates.noindex/PingMonitor.build/Release/PingMonitor.build/Objects-normal/arm64/EditableHostCard.o -o /Users/framed/Library/Developer/Xcode/DerivedData/PingMonitor-gvhyarralbnmlydlottbbaiqdbhw/Build/Intermediates.noindex/PingMonitor.build/Release/PingMonitor.build/Objects-normal/arm64/MainView.o -o /Users/framed/Library/Developer/Xcode/DerivedData/PingMonitor-gvhyarralbnmlydlottbbaiqdbhw/Build/Intermediates.noindex/PingMonitor.build/Release/PingMonitor.build/Objects-normal/arm64/PingMonitorApp.o -o /Users/framed/Library/Developer/Xcode/DerivedData/PingMonitor-gvhyarralbnmlydlottbbaiqdbhw/Build/Intermediates.noindex/PingMonitor.build/Release/PingMonitor.build/Objects-normal/arm64/SidebarView.o -o /Users/framed/Library/Developer/Xcode/DerivedData/PingMonitor-gvhyarralbnmlydlottbbaiqdbhw/Build/Intermediates.noindex/PingMonitor.build/Release/PingMonitor.build/Objects-normal/arm64/Theme.o -o /Users/framed/Library/Developer/Xcode/DerivedData/PingMonitor-gvhyarralbnmlydlottbbaiqdbhw/Build/Intermediates.noindex/PingMonitor.build/Release/PingMonitor.build/Objects-normal/arm64/LanguageManager.o -o /Users/framed/Library/Developer/Xcode/DerivedData/PingMonitor-gvhyarralbnmlydlottbbaiqdbhw/Build/Intermediates.noindex/PingMonitor.build/Release/PingMonitor.build/Objects-normal/arm64/GeneratedAssetSymbols.o -index-unit-output-path /PingMonitor.build/Release/PingMonitor.build/Objects-normal/arm64/Components.o -index-unit-output-path /PingMonitor.build/Release/PingMonitor.build/Objects-normal/arm64/DashboardView.o -index-unit-output-path /PingMonitor.build/Release/PingMonitor.build/Objects-normal/arm64/EditableHostCard.o -index-unit-output-path /PingMonitor.build/Release/PingMonitor.build/Objects-normal/arm64/MainView.o -index-unit-output-path /PingMonitor.build/Release/PingMonitor.build/Objects-normal/arm64/PingMonitorApp.o -index-unit-output-path /PingMonitor.build/Release/PingMonitor.build/Objects-normal/arm64/SidebarView.o -index-unit-output-path /PingMonitor.build/Release/PingMonitor.build/Objects-normal/arm64/Theme.o -index-unit-output-path /PingMonitor.build/Release/PingMonitor.build/Objects-normal/arm64/LanguageManager.o -index-unit-output-path /PingMonitor.build/Release/PingMonitor.build/Objects-normal/arm64/GeneratedAssetSymbols.o
** BUILD FAILED **


The following build commands failed:
	CompileSwift normal arm64 (in target 'PingMonitor' from project 'PingMonitor')
	SwiftCompile normal arm64 Compiling\ Components.swift,\ DashboardView.swift,\ EditableHostCard.swift,\ MainView.swift,\ PingMonitorApp.swift,\ SidebarView.swift,\ Theme.swift,\ LanguageManager.swift,\ GeneratedAssetSymbols.swift /Users/framed/Downloads/PingMonitor/PingMonitor/Components.swift /Users/framed/Downloads/PingMonitor/PingMonitor/DashboardView.swift /Users/framed/Downloads/PingMonitor/PingMonitor/EditableHostCard.swift /Users/framed/Downloads/PingMonitor/PingMonitor/MainView.swift /Users/framed/Downloads/PingMonitor/PingMonitor/PingMonitorApp.swift /Users/framed/Downloads/PingMonitor/PingMonitor/SidebarView.swift /Users/framed/Downloads/PingMonitor/PingMonitor/Theme.swift /Users/framed/Downloads/PingMonitor/PingMonitor/LanguageManager.swift /Users/framed/Library/Developer/Xcode/DerivedData/PingMonitor-gvhyarralbnmlydlottbbaiqdbhw/Build/Intermediates.noindex/PingMonitor.build/Release/PingMonitor.build/DerivedSources/GeneratedAssetSymbols.swift /Applications/Xcode.app/Contents/Developer/Toolchains/XcodeDefault.xctoolchain/usr/lib/swift/macosx/prebuilt-modules/26.2/Accessibility.swiftmodule/arm64e-apple-macos.swiftmodule /Applications/Xcode.app/Contents/Developer/Toolchains/XcodeDefault.xctoolchain/usr/lib/swift/macosx/prebuilt-modules/26.2/SwiftUI.swiftmodule/arm64e-apple-macos.swiftmodule /Applications/Xcode.app/Contents/Developer/Toolchains/XcodeDefault.xctoolchain/usr/lib/swift/macosx/prebuilt-modules/26.2/CoreFoundation.swiftmodule/arm64e-apple-macos.swiftmodule /Applications/Xcode.app/Contents/Developer/Toolchains/XcodeDefault.xctoolchain/usr/lib/swift/macosx/prebuilt-modules/26.2/_StringProcessing.swiftmodule/arm64e-apple-macos.swiftmodule /Applications/Xcode.app/Contents/Developer/Toolchains/XcodeDefault.xctoolchain/usr/lib/swift/macosx/prebuilt-modules/26.2/_DarwinFoundation2.swiftmodule/arm64e-apple-macos.swiftmodule /Applications/Xcode.app/Contents/Developer/Toolchains/XcodeDefault.xctoolchain/usr/lib/swift/macosx/prebuilt-modules/26.2/Spatial.swiftmodule/arm64e-apple-macos.swiftmodule /Applications/Xcode.app/Contents/Developer/Toolchains/XcodeDefault.xctoolchain/usr/lib/swift/macosx/prebuilt-modules/26.2/DataDetection.swiftmodule/arm64e-apple-macos.swiftmodule /Applications/Xcode.app/Contents/Developer/Toolchains/XcodeDefault.xctoolchain/usr/lib/swift/macosx/prebuilt-modules/26.2/Combine.swiftmodule/arm64e-apple-macos.swiftmodule /Applications/Xcode.app/Contents/Developer/Toolchains/XcodeDefault.xctoolchain/usr/lib/swift/macosx/prebuilt-modules/26.2/AppIntents.swiftmodule/arm64e-apple-macos.swiftmodule /Applications/Xcode.app/Contents/Developer/Toolchains/XcodeDefault.xctoolchain/usr/lib/swift/macosx/prebuilt-modules/26.2/Charts.swiftmodule/arm64e-apple-macos.swiftmodule /Applications/Xcode.app/Contents/Developer/Toolchains/XcodeDefault.xctoolchain/usr/lib/swift/macosx/prebuilt-modules/26.2/Metal.swiftmodule/arm64e-apple-macos.swiftmodule /Applications/Xcode.app/Contents/Developer/Toolchains/XcodeDefault.xctoolchain/usr/lib/swift/macosx/prebuilt-modules/26.2/ActivityKit.swiftmodule/arm64e-apple-macos.swiftmodule /Applications/Xcode.app/Contents/Developer/Toolchains/XcodeDefault.xctoolchain/usr/lib/swift/macosx/prebuilt-modules/26.2/CoreImage.swiftmodule/arm64e-apple-macos.swiftmodule /Applications/Xcode.app/Contents/Developer/Toolchains/XcodeDefault.xctoolchain/usr/lib/swift/macosx/prebuilt-modules/26.2/WidgetKit.swiftmodule/arm64e-apple-macos.swiftmodule /Applications/Xcode.app/Contents/Developer/Toolchains/XcodeDefault.xctoolchain/usr/lib/swift/macosx/prebuilt-modules/26.2/System.swiftmodule/arm64e-apple-macos.swiftmodule /Applications/Xcode.app/Contents/Developer/Toolchains/XcodeDefault.xctoolchain/usr/lib/swift/macosx/prebuilt-modules/26.2/QuartzCore.swiftmodule/arm64e-apple-macos.swiftmodule /Applications/Xcode.app/Contents/Developer/Toolchains/XcodeDefault.xctoolchain/usr/lib/swift/macosx/prebuilt-modules/26.2/XPC.swiftmodule/arm64e-apple-macos.swiftmodule /Applications/Xcode.app/Contents/Developer/Toolchains/XcodeDefault.xctoolchain/usr/lib/swift/macosx/prebuilt-modules/26.2/ObjectiveC.swiftmodule/arm64e-apple-macos.swiftmodule /Applications/Xcode.app/Contents/Developer/Toolchains/XcodeDefault.xctoolchain/usr/lib/swift/macosx/prebuilt-modules/26.2/Dispatch.swiftmodule/arm64e-apple-macos.swiftmodule /Applications/Xcode.app/Contents/Developer/Toolchains/XcodeDefault.xctoolchain/usr/lib/swift/macosx/prebuilt-modules/26.2/RelevanceKit.swiftmodule/arm64e-apple-macos.swiftmodule /Applications/Xcode.app/Contents/Developer/Toolchains/XcodeDefault.xctoolchain/usr/lib/swift/macosx/prebuilt-modules/26.2/SwiftUICore.swiftmodule/arm64e-apple-macos.swiftmodule /Applications/Xcode.app/Contents/Developer/Toolchains/XcodeDefault.xctoolchain/usr/lib/swift/macosx/prebuilt-modules/26.2/_DarwinFoundation3.swiftmodule/arm64e-apple-macos.swiftmodule /Applications/Xcode.app/Contents/Developer/Toolchains/XcodeDefault.xctoolchain/usr/lib/swift/macosx/prebuilt-modules/26.2/DeveloperToolsSupport.swiftmodule/arm64e-apple-macos.swiftmodule /Applications/Xcode.app/Contents/Developer/Toolchains/XcodeDefault.xctoolchain/usr/lib/swift/macosx/prebuilt-modules/26.2/_AppIntents_SwiftUI.swiftmodule/arm64e-apple-macos.swiftmodule /Applications/Xcode.app/Contents/Developer/Toolchains/XcodeDefault.xctoolchain/usr/lib/swift/macosx/prebuilt-modules/26.2/ExtensionFoundation.swiftmodule/arm64e-apple-macos.swiftmodule /Applications/Xcode.app/Contents/Developer/Toolchains/XcodeDefault.xctoolchain/usr/lib/swift/macosx/prebuilt-modules/26.2/OSLog.swiftmodule/arm64e-apple-macos.swiftmodule /Applications/Xcode.app/Contents/Developer/Toolchains/XcodeDefault.xctoolchain/usr/lib/swift/macosx/prebuilt-modules/26.2/Observation.swiftmodule/arm64e-apple-macos.swiftmodule /Applications/Xcode.app/Contents/Developer/Toolchains/XcodeDefault.xctoolchain/usr/lib/swift/macosx/prebuilt-modules/26.2/CoreText.swiftmodule/arm64e-apple-macos.swiftmodule /Applications/Xcode.app/Contents/Developer/Toolchains/XcodeDefault.xctoolchain/usr/lib/swift/macosx/prebuilt-modules/26.2/CoreVideo.swiftmodule/arm64e-apple-macos.swiftmodule /Applications/Xcode.app/Contents/Developer/Toolchains/XcodeDefault.xctoolchain/usr/lib/swift/macosx/prebuilt-modules/26.2/Swift.swiftmodule/arm64e-apple-macos.swiftmodule /Applications/Xcode.app/Contents/Developer/Toolchains/XcodeDefault.xctoolchain/usr/lib/swift/macosx/prebuilt-modules/26.2/AppKit.swiftmodule/arm64e-apple-macos.swiftmodule /Applications/Xcode.app/Contents/Developer/Toolchains/XcodeDefault.xctoolchain/usr/lib/swift/macosx/prebuilt-modules/26.2/UniformTypeIdentifiers.swiftmodule/arm64e-apple-macos.swiftmodule /Applications/Xcode.app/Contents/Developer/Toolchains/XcodeDefault.xctoolchain/usr/lib/swift/macosx/prebuilt-modules/26.2/CoreTransferable.swiftmodule/arm64e-apple-macos.swiftmodule /Applications/Xcode.app/Contents/Developer/Toolchains/XcodeDefault.xctoolchain/usr/lib/swift/macosx/prebuilt-modules/26.2/Intents.swiftmodule/arm64e-apple-macos.swiftmodule /Applications/Xcode.app/Contents/Developer/Toolchains/XcodeDefault.xctoolchain/usr/lib/swift/macosx/prebuilt-modules/26.2/CoreSpotlight.swiftmodule/arm64e-apple-macos.swiftmodule /Applications/Xcode.app/Contents/Developer/Toolchains/XcodeDefault.xctoolchain/usr/lib/swift/macosx/prebuilt-modules/26.2/Network.swiftmodule/arm64e-apple-macos.swiftmodule /Applications/Xcode.app/Contents/Developer/Toolchains/XcodeDefault.xctoolchain/usr/lib/swift/macosx/prebuilt-modules/26.2/CoreLocation.swiftmodule/arm64e-apple-macos.swiftmodule /Applications/Xcode.app/Contents/Developer/Toolchains/XcodeDefault.xctoolchain/usr/lib/swift/macosx/prebuilt-modules/26.2/CoreGraphics.swiftmodule/arm64e-apple-macos.swiftmodule /Applications/Xcode.app/Contents/Developer/Toolchains/XcodeDefault.xctoolchain/usr/lib/swift/macosx/prebuilt-modules/26.2/_Builtin_float.swiftmodule/arm64e-apple-macos.swiftmodule /Applications/Xcode.app/Contents/Developer/Toolchains/XcodeDefault.xctoolchain/usr/lib/swift/macosx/prebuilt-modules/26.2/simd.swiftmodule/arm64e-apple-macos.swiftmodule /Applications/Xcode.app/Contents/Developer/Toolchains/XcodeDefault.xctoolchain/usr/lib/swift/macosx/prebuilt-modules/26.2/IOKit.swiftmodule/arm64e-apple-macos.swiftmodule /Applications/Xcode.app/Contents/Developer/Toolchains/XcodeDefault.xctoolchain/usr/lib/swift/macosx/prebuilt-modules/26.2/_DarwinFoundation1.swiftmodule/arm64e-apple-macos.swiftmodule /Applications/Xcode.app/Contents/Developer/Toolchains/XcodeDefault.xctoolchain/usr/lib/swift/macosx/prebuilt-modules/26.2/_Concurrency.swiftmodule/arm64e-apple-macos.swiftmodule /Applications/Xcode.app/Contents/Developer/Toolchains/XcodeDefault.xctoolchain/usr/lib/swift/macosx/prebuilt-modules/26.2/Darwin.swiftmodule/arm64e-apple-macos.swiftmodule /Applications/Xcode.app/Contents/Developer/Toolchains/XcodeDefault.xctoolchain/usr/lib/swift/macosx/prebuilt-modules/26.2/os.swiftmodule/arm64e-apple-macos.swiftmodule /Applications/Xcode.app/Contents/Developer/Toolchains/XcodeDefault.xctoolchain/usr/lib/swift/macosx/prebuilt-modules/26.2/Foundation.swiftmodule/arm64e-apple-macos.swiftmodule /Applications/Xcode.app/Contents/Developer/Toolchains/XcodeDefault.xctoolchain/usr/lib/swift/macosx/prebuilt-modules/26.2/Distributed.swiftmodule/arm64e-apple-macos.swiftmodule /Applications/Xcode.app/Contents/Developer/Toolchains/XcodeDefault.xctoolchain/usr/lib/swift/macosx/prebuilt-modules/26.2/Symbols.swiftmodule/arm64e-apple-macos.swiftmodule /Applications/Xcode.app/Contents/Developer/Toolchains/XcodeDefault.xctoolchain/usr/lib/swift/macosx/prebuilt-modules/26.2/CoreData.swiftmodule/arm64e-apple-macos.swiftmodule /Users/framed/Library/Developer/Xcode/DerivedData/ModuleCache.noindex/_Builtin_stdint-18UDMKL5JWUF9UPMVV8WGNJOB.pcm /Users/framed/Library/Developer/Xcode/DerivedData/ModuleCache.noindex/CoreSpotlight-5BP5YU7X6Q6P88NY2LGHYH2SQ.pcm /Users/framed/Library/Developer/Xcode/DerivedData/ModuleCache.noindex/_Builtin_stddef-ENDL33UOSHPYBSY6TR73BO2WC.pcm /Users/framed/Library/Developer/Xcode/DerivedData/ModuleCache.noindex/SwiftShims-9COTLNJ8SSTNRRZB1MS6LRZDT.pcm /Users/framed/Library/Developer/Xcode/DerivedData/ModuleCache.noindex/libDER-6GU2XXBZLJ5FFLD07SZK6VFZ2.pcm /Users/framed/Library/Developer/Xcode/DerivedData/ModuleCache.noindex/UniformTypeIdentifiers-7Q7ZM4K2ACX3U9D18V4HDCG7J.pcm /Users/framed/Library/Developer/Xcode/DerivedData/ModuleCache.noindex/MachO-8I8L9NYLB6ORCS59WIJUFEQBL.pcm /Users/framed/Library/Developer/Xcode/DerivedData/ModuleCache.noindex/_Builtin_intrinsics-4MKCXLP7CYEJYSFOWGISC5OS9.pcm /Users/framed/Library/Developer/Xcode/DerivedData/ModuleCache.noindex/launch-16UTFM645NZX1YL75EGJSFN79.pcm /Users/framed/Library/Developer/Xcode/DerivedData/ModuleCache.noindex/ptrauth-6H2QYFHP5CG5PYK63JT2QB1RM.pcm /Users/framed/Library/Developer/Xcode/DerivedData/ModuleCache.noindex/CoreFoundation-6R9GKTGD6PTBTH8AKB61KU8AQ.pcm /Users/framed/Library/Developer/Xcode/DerivedData/ModuleCache.noindex/os-64IV396AC116CUUJELY0NU2P3.pcm /Users/framed/Library/Developer/Xcode/DerivedData/ModuleCache.noindex/DiskArbitration-6U04XBGSCAFTP0UZP5AHF20YG.pcm /Users/framed/Library/Developer/Xcode/DerivedData/ModuleCache.noindex/QuartzCore-Q3Q0BNXZQQ8TAM8HMEIJRS83.pcm /Users/framed/Library/Developer/Xcode/DerivedData/ModuleCache.noindex/XPC-7Z1X1T9BU5O5KASH5AD4AH3P.pcm /Users/framed/Library/Developer/Xcode/DerivedData/ModuleCache.noindex/CoreImage-5V52NQTWVWTAS1OGTU5HY8M9W.pcm /Users/framed/Library/Developer/Xcode/DerivedData/ModuleCache.noindex/ActivityKit-CJR9YWKK1UC8ZVI4VM81JJ5IY.pcm /Users/framed/Library/Developer/Xcode/DerivedData/ModuleCache.noindex/SwiftUICore-5LBY16WGKUZWMD1QMF11JORR1.pcm /Users/framed/Library/Developer/Xcode/DerivedData/ModuleCache.noindex/ImageIO-1ZYB86TKM35HHAC2BMQDB4X23.pcm /Users/framed/Library/Developer/Xcode/DerivedData/ModuleCache.noindex/_SwiftConcurrencyShims-32RYOF6726UX6KNHMUXFP8YGS.pcm /Users/framed/Library/Developer/Xcode/DerivedData/ModuleCache.noindex/ObjectiveC-3G407Z44SXYABDDP384GR400N.pcm /Users/framed/Library/Developer/Xcode/DerivedData/ModuleCache.noindex/sys_types-B8SU9OTJIOZ9415TKSFNG7F5J.pcm /Users/framed/Library/Developer/Xcode/DerivedData/ModuleCache.noindex/Intents-33TSBAYXV0KXWZ8ZKPPSGDNFC.pcm /Users/framed/Library/Developer/Xcode/DerivedData/ModuleCache.noindex/_Builtin_stdatomic-BGB69N8ZFHOQO6J5LOABTB5YQ.pcm /Users/framed/Library/Developer/Xcode/DerivedData/ModuleCache.noindex/CoreVideo-A8PKSL6X17MPPBB7784V807XJ.pcm /Users/framed/Library/Developer/Xcode/DerivedData/ModuleCache.noindex/CoreTransferable-AOSNJ5JG3KJWEQ2ZJ9JAX23DR.pcm /Users/framed/Library/Developer/Xcode/DerivedData/ModuleCache.noindex/_DarwinFoundation1-3BN20EGR0C7WS9NGPIB089X1J.pcm /Users/framed/Library/Developer/Xcode/DerivedData/ModuleCache.noindex/_Builtin_limits-DFR2KCFYTNZSE5ZVW9E417DIB.pcm /Users/framed/Library/Developer/Xcode/DerivedData/ModuleCache.noindex/OpenGL-5YCWVX19N5M31AP1F4820R9L8.pcm /Users/framed/Library/Developer/Xcode/DerivedData/ModuleCache.noindex/RelevanceKit-EPMCVQROFMY3AJIH8EFYM0JMM.pcm /Users/framed/Library/Developer/Xcode/DerivedData/ModuleCache.noindex/_DarwinFoundation2-8HM9FW5AFGZ40PBNN4H5V3L39.pcm /Users/framed/Library/Developer/Xcode/DerivedData/ModuleCache.noindex/ptrcheck-ESY4CFTYD5YNA8ISY5YB2B3QF.pcm /Users/framed/Library/Developer/Xcode/DerivedData/ModuleCache.noindex/OSLog-57CBUCZIDWLNKB1SR2RYPMGMZ.pcm /Users/framed/Library/Developer/Xcode/DerivedData/ModuleCache.noindex/_Builtin_inttypes-9U048LDA4PTFBU1XYGHFCO1DM.pcm /Users/framed/Library/Developer/Xcode/DerivedData/ModuleCache.noindex/Spatial-2R2GWPLKRU67IAN06TNAXPFR2.pcm /Users/framed/Library/Developer/Xcode/DerivedData/ModuleCache.noindex/UserNotifications-95LIOLD3RPB596YWFA32WBR9B.pcm /Users/framed/Library/Developer/Xcode/DerivedData/ModuleCache.noindex/os_workgroup-3Y3AC3MH894ICTE7XX7BONBZT.pcm /Users/framed/Library/Developer/Xcode/DerivedData/ModuleCache.noindex/Symbols-83VMLXKUS9LKGTVQR2RBYSYI5.pcm /Users/framed/Library/Developer/Xcode/DerivedData/ModuleCache.noindex/AppKit-AJVEJA6S241Q3LTGC833FZISW.pcm /Users/framed/Library/Developer/Xcode/DerivedData/ModuleCache.noindex/DataDetection-52B001PFQK3JGQMLO4DORMJHD.pcm /Users/framed/Library/Developer/Xcode/DerivedData/ModuleCache.noindex/os_object-5Z5HOL4MBGT5NEG9WNYP75HBX.pcm /Users/framed/Library/Developer/Xcode/DerivedData/ModuleCache.noindex/CoreLocation-3JABL2VHQ0OVMETE3TO34WKW5.pcm /Users/framed/Library/Developer/Xcode/DerivedData/ModuleCache.noindex/_AvailabilityInternal-B0KKT69BMSS38TW5WPZZF1M94.pcm /Users/framed/Library/Developer/Xcode/DerivedData/ModuleCache.noindex/IOKit-9HM7WFF77CWJ9467M9205FCQK.pcm /Users/framed/Library/Developer/Xcode/DerivedData/ModuleCache.noindex/IOSurface-B11TJOLBXTS0LUUVFP3GBHMA8.pcm /Users/framed/Library/Developer/Xcode/DerivedData/ModuleCache.noindex/Darwin-U1E28XH69S6USCVNS4DQGE4C.pcm /Users/framed/Library/Developer/Xcode/DerivedData/ModuleCache.noindex/ColorSync-E5E3XJNB4FL0RHLTLCGY9G2U3.pcm /Users/framed/Library/Developer/Xcode/DerivedData/ModuleCache.noindex/CoreText-7KSRXS06NO9DZHRWFEMU9A848.pcm /Users/framed/Library/Developer/Xcode/DerivedData/ModuleCache.noindex/SwiftUI-3EE2PE7FF1ORB1D1XBSZRRLDH.pcm /Users/framed/Library/Developer/Xcode/DerivedData/ModuleCache.noindex/AppIntents-D733TX5I21NG1HW603J3I19GM.pcm /Users/framed/Library/Developer/Xcode/DerivedData/ModuleCache.noindex/_Builtin_stdarg-7WAEGY1UN8XV8DV6G8EFNETGF.pcm /Users/framed/Library/Developer/Xcode/DerivedData/ModuleCache.noindex/CUPS-33OMWHP2ZS692287RUWFKIGU4.pcm /Users/framed/Library/Developer/Xcode/DerivedData/ModuleCache.noindex/CoreData-1VH8Z3OQ1O3RBJTOEWDCB03KG.pcm /Users/framed/Library/Developer/Xcode/DerivedData/ModuleCache.noindex/dnssd-3M8WSCLXO4D6RJ7F6CMZ2NJRH.pcm /Users/framed/Library/Developer/Xcode/DerivedData/ModuleCache.noindex/CoreGraphics-ETDCCWNMCCIBBWQIE9GJTI8SO.pcm /Users/framed/Library/Developer/Xcode/DerivedData/ModuleCache.noindex/simd-CYCK30K92KDZA3HYCCYWOE6WM.pcm /Users/framed/Library/Developer/Xcode/DerivedData/ModuleCache.noindex/ApplicationServices-5TACZB3NP66ZK1B0NCGFK3DBF.pcm /Users/framed/Library/Developer/Xcode/DerivedData/ModuleCache.noindex/Metal-94TB6TQ8Q0LCLHVOV4O4Q6CXJ.pcm /Users/framed/Library/Developer/Xcode/DerivedData/ModuleCache.noindex/_Builtin_stdbool-4QOKR5BPAGP88ZDGAADC77IYH.pcm /Users/framed/Library/Developer/Xcode/DerivedData/ModuleCache.noindex/_LocationEssentials-70YYQCY8IOLE0J5JK3KYY6A38.pcm /Users/framed/Library/Developer/Xcode/DerivedData/ModuleCache.noindex/Network-BM5EGDSZ2CXMTBM73W6D8NUC8.pcm /Users/framed/Library/Developer/Xcode/DerivedData/ModuleCache.noindex/CoreServices-7OINIQ34SGKXN8AJ1RSGZ1CJG.pcm /Users/framed/Library/Developer/Xcode/DerivedData/ModuleCache.noindex/ServiceManagement-BXLGHGYQ0OHLUF2INJQO727HC.pcm /Users/framed/Library/Developer/Xcode/DerivedData/ModuleCache.noindex/ExtensionFoundation-7VS26FANIQLWCC488GQEOAJKJ.pcm /Users/framed/Library/Developer/Xcode/DerivedData/ModuleCache.noindex/_Builtin_float-BTD8CIEIMBW6VC34V4G0IAM0Q.pcm /Users/framed/Library/Developer/Xcode/DerivedData/ModuleCache.noindex/Dispatch-W10JR1IH5YZA4VUEKG9AIU7T.pcm /Users/framed/Library/Developer/Xcode/DerivedData/ModuleCache.noindex/libkern-BPJJ0A8TL12JEK6XH1T1VJ5ZY.pcm /Users/framed/Library/Developer/Xcode/DerivedData/ModuleCache.noindex/WidgetKit-N32UBUUNBT96V1PKHKPYXOWG.pcm /Users/framed/Library/Developer/Xcode/DerivedData/ModuleCache.noindex/Security-AWWRJQ29Q782MP61U6RWQ53M0.pcm /Users/framed/Library/Developer/Xcode/DerivedData/ModuleCache.noindex/Foundation-2PSVWUMNO44BU7G15KX0V8MWI.pcm /Users/framed/Library/Developer/Xcode/DerivedData/ModuleCache.noindex/CFNetwork-7ASOSWLTNDGTNIQDV0L7L3JKL.pcm /Users/framed/Library/Developer/Xcode/DerivedData/ModuleCache.noindex/Accessibility-6Y3GC3271TVA4P082CW0QU9E8.pcm /Users/framed/Library/Developer/Xcode/DerivedData/ModuleCache.noindex/DeveloperToolsSupport-D0KAPA9YW11AAXTRP00TDJ2HS.pcm /Users/framed/Library/Developer/Xcode/DerivedData/ModuleCache.noindex/_DarwinFoundation3-4I9VMGPTQQUHF6DF533G2SJMH.pcm /Users/framed/Library/Developer/Xcode/DerivedData/ModuleCache.noindex/_Builtin_tgmath-CAAM0Y0JE91A8XKOW5KX8CE09.pcm /Users/framed/Library/Developer/Xcode/DerivedData/PingMonitor-gvhyarralbnmlydlottbbaiqdbhw/Build/Intermediates.noindex/PingMonitor.build/Release/PingMonitor.build/Objects-normal/arm64/PingMonitor-dependencies-1.json (in target 'PingMonitor' from project 'PingMonitor')
	Building project PingMonitor with scheme PingMonitor and configuration Release
(3 failures)
